  testApp.cpp
  main.cpp
  Generating Code...
main.obj : warning LNK4075: ignoring '/EDITANDCONTINUE' due to '/INCREMENTAL:NO' specification
     Creating library bin\audioOutputExample_debug.lib and object bin\audioOutputExample_debug.exp
MSVCRTD.lib(cinitexe.obj) : warning LNK4098: defaultlib 'msvcrt.lib' conflicts with use of other libs; use /NODEFAULTLIB:library
rtAudioD.lib(rtAudio.obj) : warning LNK4099: PDB 'vc100.pdb' was not found with 'rtAudioD.lib(rtAudio.obj)' or at 'D:\Open Frameworks\VS2010\examples\sound\audioOutputExample\bin\vc100.pdb'; linking object as if no debug info
PocoFoundationmdd.lib(Ascii.obj) : warning LNK4099: PDB 'pocofoundationmdd.pdb' was not found with 'PocoFoundationmdd.lib(Ascii.obj)' or at 'D:\Open Frameworks\VS2010\examples\sound\audioOutputExample\bin\pocofoundationmdd.pdb'; linking object as if no debug info
PocoFoundationmdd.lib(AtomicCounter.obj) : warning LNK4099: PDB 'pocofoundationmdd.pdb' was not found with 'PocoFoundationmdd.lib(AtomicCounter.obj)' or at 'D:\Open Frameworks\VS2010\examples\sound\audioOutputExample\bin\pocofoundationmdd.pdb'; linking object as if no debug info
PocoFoundationmdd.lib(Bugcheck.obj) : warning LNK4099: PDB 'pocofoundationmdd.pdb' was not found with 'PocoFoundationmdd.lib(Bugcheck.obj)' or at 'D:\Open Frameworks\VS2010\examples\sound\audioOutputExample\bin\pocofoundationmdd.pdb'; linking object as if no debug info
PocoFoundationmdd.lib(Debugger.obj) : warning LNK4099: PDB 'pocofoundationmdd.pdb' was not found with 'PocoFoundationmdd.lib(Debugger.obj)' or at 'D:\Open Frameworks\VS2010\examples\sound\audioOutputExample\bin\pocofoundationmdd.pdb'; linking object as if no debug info
PocoFoundationmdd.lib(Environment.obj) : warning LNK4099: PDB 'pocofoundationmdd.pdb' was not found with 'PocoFoundationmdd.lib(Environment.obj)' or at 'D:\Open Frameworks\VS2010\examples\sound\audioOutputExample\bin\pocofoundationmdd.pdb'; linking object as if no debug info
PocoFoundationmdd.lib(Exception.obj) : warning LNK4099: PDB 'pocofoundationmdd.pdb' was not found with 'PocoFoundationmdd.lib(Exception.obj)' or at 'D:\Open Frameworks\VS2010\examples\sound\audioOutputExample\bin\pocofoundationmdd.pdb'; linking object as if no debug info
PocoFoundationmdd.lib(MemoryPool.obj) : warning LNK4099: PDB 'pocofoundationmdd.pdb' was not found with 'PocoFoundationmdd.lib(MemoryPool.obj)' or at 'D:\Open Frameworks\VS2010\examples\sound\audioOutputExample\bin\pocofoundationmdd.pdb'; linking object as if no debug info
PocoFoundationmdd.lib(NumberFormatter.obj) : warning LNK4099: PDB 'pocofoundationmdd.pdb' was not found with 'PocoFoundationmdd.lib(NumberFormatter.obj)' or at 'D:\Open Frameworks\VS2010\examples\sound\audioOutputExample\bin\pocofoundationmdd.pdb'; linking object as if no debug info
PocoFoundationmdd.lib(NumberParser.obj) : warning LNK4099: PDB 'pocofoundationmdd.pdb' was not found with 'PocoFoundationmdd.lib(NumberParser.obj)' or at 'D:\Open Frameworks\VS2010\examples\sound\audioOutputExample\bin\pocofoundationmdd.pdb'; linking object as if no debug info
PocoFoundationmdd.lib(RefCountedObject.obj) : warning LNK4099: PDB 'pocofoundationmdd.pdb' was not found with 'PocoFoundationmdd.lib(RefCountedObject.obj)' or at 'D:\Open Frameworks\VS2010\examples\sound\audioOutputExample\bin\pocofoundationmdd.pdb'; linking object as if no debug info
PocoFoundationmdd.lib(StringTokenizer.obj) : warning LNK4099: PDB 'pocofoundationmdd.pdb' was not found with 'PocoFoundationmdd.lib(StringTokenizer.obj)' or at 'D:\Open Frameworks\VS2010\examples\sound\audioOutputExample\bin\pocofoundationmdd.pdb'; linking object as if no debug info
PocoFoundationmdd.lib(Base64Decoder.obj) : warning LNK4099: PDB 'pocofoundationmdd.pdb' was not found with 'PocoFoundationmdd.lib(Base64Decoder.obj)' or at 'D:\Open Frameworks\VS2010\examples\sound\audioOutputExample\bin\pocofoundationmdd.pdb'; linking object as if no debug info
PocoFoundationmdd.lib(Base64Encoder.obj) : warning LNK4099: PDB 'pocofoundationmdd.pdb' was not found with 'PocoFoundationmdd.lib(Base64Encoder.obj)' or at 'D:\Open Frameworks\VS2010\examples\sound\audioOutputExample\bin\pocofoundationmdd.pdb'; linking object as if no debug info
PocoFoundationmdd.lib(CountingStream.obj) : warning LNK4099: PDB 'pocofoundationmdd.pdb' was not found with 'PocoFoundationmdd.lib(CountingStream.obj)' or at 'D:\Open Frameworks\VS2010\examples\sound\audioOutputExample\bin\pocofoundationmdd.pdb'; linking object as if no debug info
PocoFoundationmdd.lib(FileStream.obj) : warning LNK4099: PDB 'pocofoundationmdd.pdb' was not found with 'PocoFoundationmdd.lib(FileStream.obj)' or at 'D:\Open Frameworks\VS2010\examples\sound\audioOutputExample\bin\pocofoundationmdd.pdb'; linking object as if no debug info
PocoFoundationmdd.lib(MemoryStream.obj) : warning LNK4099: PDB 'pocofoundationmdd.pdb' was not found with 'PocoFoundationmdd.lib(MemoryStream.obj)' or at 'D:\Open Frameworks\VS2010\examples\sound\audioOutputExample\bin\pocofoundationmdd.pdb'; linking object as if no debug info
PocoFoundationmdd.lib(NullStream.obj) : warning LNK4099: PDB 'pocofoundationmdd.pdb' was not found with 'PocoFoundationmdd.lib(NullStream.obj)' or at 'D:\Open Frameworks\VS2010\examples\sound\audioOutputExample\bin\pocofoundationmdd.pdb'; linking object as if no debug info
PocoFoundationmdd.lib(StreamCopier.obj) : warning LNK4099: PDB 'pocofoundationmdd.pdb' was not found with 'PocoFoundationmdd.lib(StreamCopier.obj)' or at 'D:\Open Frameworks\VS2010\examples\sound\audioOutputExample\bin\pocofoundationmdd.pdb'; linking object as if no debug info
PocoFoundationmdd.lib(adler32.obj) : warning LNK4099: PDB 'pocofoundationmdd.pdb' was not found with 'PocoFoundationmdd.lib(adler32.obj)' or at 'D:\Open Frameworks\VS2010\examples\sound\audioOutputExample\bin\pocofoundationmdd.pdb'; linking object as if no debug info
PocoFoundationmdd.lib(crc32.obj) : warning LNK4099: PDB 'pocofoundationmdd.pdb' was not found with 'PocoFoundationmdd.lib(crc32.obj)' or at 'D:\Open Frameworks\VS2010\examples\sound\audioOutputExample\bin\pocofoundationmdd.pdb'; linking object as if no debug info
PocoFoundationmdd.lib(deflate.obj) : warning LNK4099: PDB 'pocofoundationmdd.pdb' was not found with 'PocoFoundationmdd.lib(deflate.obj)' or at 'D:\Open Frameworks\VS2010\examples\sound\audioOutputExample\bin\pocofoundationmdd.pdb'; linking object as if no debug info
PocoFoundationmdd.lib(trees.obj) : warning LNK4099: PDB 'pocofoundationmdd.pdb' was not found with 'PocoFoundationmdd.lib(trees.obj)' or at 'D:\Open Frameworks\VS2010\examples\sound\audioOutputExample\bin\pocofoundationmdd.pdb'; linking object as if no debug info
PocoFoundationmdd.lib(zutil.obj) : warning LNK4099: PDB 'pocofoundationmdd.pdb' was not found with 'PocoFoundationmdd.lib(zutil.obj)' or at 'D:\Open Frameworks\VS2010\examples\sound\audioOutputExample\bin\pocofoundationmdd.pdb'; linking object as if no debug info
PocoFoundationmdd.lib(Condition.obj) : warning LNK4099: PDB 'pocofoundationmdd.pdb' was not found with 'PocoFoundationmdd.lib(Condition.obj)' or at 'D:\Open Frameworks\VS2010\examples\sound\audioOutputExample\bin\pocofoundationmdd.pdb'; linking object as if no debug info
PocoFoundationmdd.lib(ErrorHandler.obj) : warning LNK4099: PDB 'pocofoundationmdd.pdb' was not found with 'PocoFoundationmdd.lib(ErrorHandler.obj)' or at 'D:\Open Frameworks\VS2010\examples\sound\audioOutputExample\bin\pocofoundationmdd.pdb'; linking object as if no debug info
PocoFoundationmdd.lib(Event.obj) : warning LNK4099: PDB 'pocofoundationmdd.pdb' was not found with 'PocoFoundationmdd.lib(Event.obj)' or at 'D:\Open Frameworks\VS2010\examples\sound\audioOutputExample\bin\pocofoundationmdd.pdb'; linking object as if no debug info
PocoFoundationmdd.lib(Mutex.obj) : warning LNK4099: PDB 'pocofoundationmdd.pdb' was not found with 'PocoFoundationmdd.lib(Mutex.obj)' or at 'D:\Open Frameworks\VS2010\examples\sound\audioOutputExample\bin\pocofoundationmdd.pdb'; linking object as if no debug info
PocoFoundationmdd.lib(Runnable.obj) : warning LNK4099: PDB 'pocofoundationmdd.pdb' was not found with 'PocoFoundationmdd.lib(Runnable.obj)' or at 'D:\Open Frameworks\VS2010\examples\sound\audioOutputExample\bin\pocofoundationmdd.pdb'; linking object as if no debug info
PocoFoundationmdd.lib(RWLock.obj) : warning LNK4099: PDB 'pocofoundationmdd.pdb' was not found with 'PocoFoundationmdd.lib(RWLock.obj)' or at 'D:\Open Frameworks\VS2010\examples\sound\audioOutputExample\bin\pocofoundationmdd.pdb'; linking object as if no debug info
PocoFoundationmdd.lib(Thread.obj) : warning LNK4099: PDB 'pocofoundationmdd.pdb' was not found with 'PocoFoundationmdd.lib(Thread.obj)' or at 'D:\Open Frameworks\VS2010\examples\sound\audioOutputExample\bin\pocofoundationmdd.pdb'; linking object as if no debug info
PocoFoundationmdd.lib(ThreadLocal.obj) : warning LNK4099: PDB 'pocofoundationmdd.pdb' was not found with 'PocoFoundationmdd.lib(ThreadLocal.obj)' or at 'D:\Open Frameworks\VS2010\examples\sound\audioOutputExample\bin\pocofoundationmdd.pdb'; linking object as if no debug info
PocoFoundationmdd.lib(DigestEngine.obj) : warning LNK4099: PDB 'pocofoundationmdd.pdb' was not found with 'PocoFoundationmdd.lib(DigestEngine.obj)' or at 'D:\Open Frameworks\VS2010\examples\sound\audioOutputExample\bin\pocofoundationmdd.pdb'; linking object as if no debug info
PocoFoundationmdd.lib(MD5Engine.obj) : warning LNK4099: PDB 'pocofoundationmdd.pdb' was not found with 'PocoFoundationmdd.lib(MD5Engine.obj)' or at 'D:\Open Frameworks\VS2010\examples\sound\audioOutputExample\bin\pocofoundationmdd.pdb'; linking object as if no debug info
PocoFoundationmdd.lib(DirectoryIterator.obj) : warning LNK4099: PDB 'pocofoundationmdd.pdb' was not found with 'PocoFoundationmdd.lib(DirectoryIterator.obj)' or at 'D:\Open Frameworks\VS2010\examples\sound\audioOutputExample\bin\pocofoundationmdd.pdb'; linking object as if no debug info
PocoFoundationmdd.lib(File.obj) : warning LNK4099: PDB 'pocofoundationmdd.pdb' was not found with 'PocoFoundationmdd.lib(File.obj)' or at 'D:\Open Frameworks\VS2010\examples\sound\audioOutputExample\bin\pocofoundationmdd.pdb'; linking object as if no debug info
PocoFoundationmdd.lib(Path.obj) : warning LNK4099: PDB 'pocofoundationmdd.pdb' was not found with 'PocoFoundationmdd.lib(Path.obj)' or at 'D:\Open Frameworks\VS2010\examples\sound\audioOutputExample\bin\pocofoundationmdd.pdb'; linking object as if no debug info
PocoFoundationmdd.lib(DateTime.obj) : warning LNK4099: PDB 'pocofoundationmdd.pdb' was not found with 'PocoFoundationmdd.lib(DateTime.obj)' or at 'D:\Open Frameworks\VS2010\examples\sound\audioOutputExample\bin\pocofoundationmdd.pdb'; linking object as if no debug info
PocoFoundationmdd.lib(DateTimeFormat.obj) : warning LNK4099: PDB 'pocofoundationmdd.pdb' was not found with 'PocoFoundationmdd.lib(DateTimeFormat.obj)' or at 'D:\Open Frameworks\VS2010\examples\sound\audioOutputExample\bin\pocofoundationmdd.pdb'; linking object as if no debug info
PocoFoundationmdd.lib(DateTimeFormatter.obj) : warning LNK4099: PDB 'pocofoundationmdd.pdb' was not found with 'PocoFoundationmdd.lib(DateTimeFormatter.obj)' or at 'D:\Open Frameworks\VS2010\examples\sound\audioOutputExample\bin\pocofoundationmdd.pdb'; linking object as if no debug info
PocoFoundationmdd.lib(DateTimeParser.obj) : warning LNK4099: PDB 'pocofoundationmdd.pdb' was not found with 'PocoFoundationmdd.lib(DateTimeParser.obj)' or at 'D:\Open Frameworks\VS2010\examples\sound\audioOutputExample\bin\pocofoundationmdd.pdb'; linking object as if no debug info
PocoFoundationmdd.lib(LocalDateTime.obj) : warning LNK4099: PDB 'pocofoundationmdd.pdb' was not found with 'PocoFoundationmdd.lib(LocalDateTime.obj)' or at 'D:\Open Frameworks\VS2010\examples\sound\audioOutputExample\bin\pocofoundationmdd.pdb'; linking object as if no debug info
PocoFoundationmdd.lib(Timespan.obj) : warning LNK4099: PDB 'pocofoundationmdd.pdb' was not found with 'PocoFoundationmdd.lib(Timespan.obj)' or at 'D:\Open Frameworks\VS2010\examples\sound\audioOutputExample\bin\pocofoundationmdd.pdb'; linking object as if no debug info
PocoFoundationmdd.lib(Timestamp.obj) : warning LNK4099: PDB 'pocofoundationmdd.pdb' was not found with 'PocoFoundationmdd.lib(Timestamp.obj)' or at 'D:\Open Frameworks\VS2010\examples\sound\audioOutputExample\bin\pocofoundationmdd.pdb'; linking object as if no debug info
PocoFoundationmdd.lib(Timezone.obj) : warning LNK4099: PDB 'pocofoundationmdd.pdb' was not found with 'PocoFoundationmdd.lib(Timezone.obj)' or at 'D:\Open Frameworks\VS2010\examples\sound\audioOutputExample\bin\pocofoundationmdd.pdb'; linking object as if no debug info
PocoFoundationmdd.lib(ASCIIEncoding.obj) : warning LNK4099: PDB 'pocofoundationmdd.pdb' was not found with 'PocoFoundationmdd.lib(ASCIIEncoding.obj)' or at 'D:\Open Frameworks\VS2010\examples\sound\audioOutputExample\bin\pocofoundationmdd.pdb'; linking object as if no debug info
PocoFoundationmdd.lib(Latin1Encoding.obj) : warning LNK4099: PDB 'pocofoundationmdd.pdb' was not found with 'PocoFoundationmdd.lib(Latin1Encoding.obj)' or at 'D:\Open Frameworks\VS2010\examples\sound\audioOutputExample\bin\pocofoundationmdd.pdb'; linking object as if no debug info
PocoFoundationmdd.lib(Latin9Encoding.obj) : warning LNK4099: PDB 'pocofoundationmdd.pdb' was not found with 'PocoFoundationmdd.lib(Latin9Encoding.obj)' or at 'D:\Open Frameworks\VS2010\examples\sound\audioOutputExample\bin\pocofoundationmdd.pdb'; linking object as if no debug info
PocoFoundationmdd.lib(TextConverter.obj) : warning LNK4099: PDB 'pocofoundationmdd.pdb' was not found with 'PocoFoundationmdd.lib(TextConverter.obj)' or at 'D:\Open Frameworks\VS2010\examples\sound\audioOutputExample\bin\pocofoundationmdd.pdb'; linking object as if no debug info
PocoFoundationmdd.lib(TextEncoding.obj) : warning LNK4099: PDB 'pocofoundationmdd.pdb' was not found with 'PocoFoundationmdd.lib(TextEncoding.obj)' or at 'D:\Open Frameworks\VS2010\examples\sound\audioOutputExample\bin\pocofoundationmdd.pdb'; linking object as if no debug info
PocoFoundationmdd.lib(TextIterator.obj) : warning LNK4099: PDB 'pocofoundationmdd.pdb' was not found with 'PocoFoundationmdd.lib(TextIterator.obj)' or at 'D:\Open Frameworks\VS2010\examples\sound\audioOutputExample\bin\pocofoundationmdd.pdb'; linking object as if no debug info
PocoFoundationmdd.lib(UnicodeConverter.obj) : warning LNK4099: PDB 'pocofoundationmdd.pdb' was not found with 'PocoFoundationmdd.lib(UnicodeConverter.obj)' or at 'D:\Open Frameworks\VS2010\examples\sound\audioOutputExample\bin\pocofoundationmdd.pdb'; linking object as if no debug info
PocoFoundationmdd.lib(UTF16Encoding.obj) : warning LNK4099: PDB 'pocofoundationmdd.pdb' was not found with 'PocoFoundationmdd.lib(UTF16Encoding.obj)' or at 'D:\Open Frameworks\VS2010\examples\sound\audioOutputExample\bin\pocofoundationmdd.pdb'; linking object as if no debug info
PocoFoundationmdd.lib(UTF8Encoding.obj) : warning LNK4099: PDB 'pocofoundationmdd.pdb' was not found with 'PocoFoundationmdd.lib(UTF8Encoding.obj)' or at 'D:\Open Frameworks\VS2010\examples\sound\audioOutputExample\bin\pocofoundationmdd.pdb'; linking object as if no debug info
PocoFoundationmdd.lib(Windows1252Encoding.obj) : warning LNK4099: PDB 'pocofoundationmdd.pdb' was not found with 'PocoFoundationmdd.lib(Windows1252Encoding.obj)' or at 'D:\Open Frameworks\VS2010\examples\sound\audioOutputExample\bin\pocofoundationmdd.pdb'; linking object as if no debug info
PocoFoundationmdd.lib(FileStreamFactory.obj) : warning LNK4099: PDB 'pocofoundationmdd.pdb' was not found with 'PocoFoundationmdd.lib(FileStreamFactory.obj)' or at 'D:\Open Frameworks\VS2010\examples\sound\audioOutputExample\bin\pocofoundationmdd.pdb'; linking object as if no debug info
PocoFoundationmdd.lib(URI.obj) : warning LNK4099: PDB 'pocofoundationmdd.pdb' was not found with 'PocoFoundationmdd.lib(URI.obj)' or at 'D:\Open Frameworks\VS2010\examples\sound\audioOutputExample\bin\pocofoundationmdd.pdb'; linking object as if no debug info
PocoFoundationmdd.lib(URIStreamFactory.obj) : warning LNK4099: PDB 'pocofoundationmdd.pdb' was not found with 'PocoFoundationmdd.lib(URIStreamFactory.obj)' or at 'D:\Open Frameworks\VS2010\examples\sound\audioOutputExample\bin\pocofoundationmdd.pdb'; linking object as if no debug info
PocoFoundationmdd.lib(URIStreamOpener.obj) : warning LNK4099: PDB 'pocofoundationmdd.pdb' was not found with 'PocoFoundationmdd.lib(URIStreamOpener.obj)' or at 'D:\Open Frameworks\VS2010\examples\sound\audioOutputExample\bin\pocofoundationmdd.pdb'; linking object as if no debug info
PocoNetmdd.lib(DNS.obj) : warning LNK4099: PDB 'poconetmdd.pdb' was not found with 'PocoNetmdd.lib(DNS.obj)' or at 'D:\Open Frameworks\VS2010\examples\sound\audioOutputExample\bin\poconetmdd.pdb'; linking object as if no debug info
PocoNetmdd.lib(HostEntry.obj) : warning LNK4099: PDB 'poconetmdd.pdb' was not found with 'PocoNetmdd.lib(HostEntry.obj)' or at 'D:\Open Frameworks\VS2010\examples\sound\audioOutputExample\bin\poconetmdd.pdb'; linking object as if no debug info
PocoNetmdd.lib(IPAddress.obj) : warning LNK4099: PDB 'poconetmdd.pdb' was not found with 'PocoNetmdd.lib(IPAddress.obj)' or at 'D:\Open Frameworks\VS2010\examples\sound\audioOutputExample\bin\poconetmdd.pdb'; linking object as if no debug info
PocoNetmdd.lib(NetException.obj) : warning LNK4099: PDB 'poconetmdd.pdb' was not found with 'PocoNetmdd.lib(NetException.obj)' or at 'D:\Open Frameworks\VS2010\examples\sound\audioOutputExample\bin\poconetmdd.pdb'; linking object as if no debug info
PocoNetmdd.lib(SocketAddress.obj) : warning LNK4099: PDB 'poconetmdd.pdb' was not found with 'PocoNetmdd.lib(SocketAddress.obj)' or at 'D:\Open Frameworks\VS2010\examples\sound\audioOutputExample\bin\poconetmdd.pdb'; linking object as if no debug info
PocoNetmdd.lib(Socket.obj) : warning LNK4099: PDB 'poconetmdd.pdb' was not found with 'PocoNetmdd.lib(Socket.obj)' or at 'D:\Open Frameworks\VS2010\examples\sound\audioOutputExample\bin\poconetmdd.pdb'; linking object as if no debug info
PocoNetmdd.lib(SocketImpl.obj) : warning LNK4099: PDB 'poconetmdd.pdb' was not found with 'PocoNetmdd.lib(SocketImpl.obj)' or at 'D:\Open Frameworks\VS2010\examples\sound\audioOutputExample\bin\poconetmdd.pdb'; linking object as if no debug info
PocoNetmdd.lib(StreamSocket.obj) : warning LNK4099: PDB 'poconetmdd.pdb' was not found with 'PocoNetmdd.lib(StreamSocket.obj)' or at 'D:\Open Frameworks\VS2010\examples\sound\audioOutputExample\bin\poconetmdd.pdb'; linking object as if no debug info
PocoNetmdd.lib(StreamSocketImpl.obj) : warning LNK4099: PDB 'poconetmdd.pdb' was not found with 'PocoNetmdd.lib(StreamSocketImpl.obj)' or at 'D:\Open Frameworks\VS2010\examples\sound\audioOutputExample\bin\poconetmdd.pdb'; linking object as if no debug info
PocoNetmdd.lib(MediaType.obj) : warning LNK4099: PDB 'poconetmdd.pdb' was not found with 'PocoNetmdd.lib(MediaType.obj)' or at 'D:\Open Frameworks\VS2010\examples\sound\audioOutputExample\bin\poconetmdd.pdb'; linking object as if no debug info
PocoNetmdd.lib(MessageHeader.obj) : warning LNK4099: PDB 'poconetmdd.pdb' was not found with 'PocoNetmdd.lib(MessageHeader.obj)' or at 'D:\Open Frameworks\VS2010\examples\sound\audioOutputExample\bin\poconetmdd.pdb'; linking object as if no debug info
PocoNetmdd.lib(NameValueCollection.obj) : warning LNK4099: PDB 'poconetmdd.pdb' was not found with 'PocoNetmdd.lib(NameValueCollection.obj)' or at 'D:\Open Frameworks\VS2010\examples\sound\audioOutputExample\bin\poconetmdd.pdb'; linking object as if no debug info
PocoNetmdd.lib(HTTPAuthenticationParams.obj) : warning LNK4099: PDB 'poconetmdd.pdb' was not found with 'PocoNetmdd.lib(HTTPAuthenticationParams.obj)' or at 'D:\Open Frameworks\VS2010\examples\sound\audioOutputExample\bin\poconetmdd.pdb'; linking object as if no debug info
PocoNetmdd.lib(HTTPBasicCredentials.obj) : warning LNK4099: PDB 'poconetmdd.pdb' was not found with 'PocoNetmdd.lib(HTTPBasicCredentials.obj)' or at 'D:\Open Frameworks\VS2010\examples\sound\audioOutputExample\bin\poconetmdd.pdb'; linking object as if no debug info
PocoNetmdd.lib(HTTPBufferAllocator.obj) : warning LNK4099: PDB 'poconetmdd.pdb' was not found with 'PocoNetmdd.lib(HTTPBufferAllocator.obj)' or at 'D:\Open Frameworks\VS2010\examples\sound\audioOutputExample\bin\poconetmdd.pdb'; linking object as if no debug info
PocoNetmdd.lib(HTTPChunkedStream.obj) : warning LNK4099: PDB 'poconetmdd.pdb' was not found with 'PocoNetmdd.lib(HTTPChunkedStream.obj)' or at 'D:\Open Frameworks\VS2010\examples\sound\audioOutputExample\bin\poconetmdd.pdb'; linking object as if no debug info
PocoNetmdd.lib(HTTPCookie.obj) : warning LNK4099: PDB 'poconetmdd.pdb' was not found with 'PocoNetmdd.lib(HTTPCookie.obj)' or at 'D:\Open Frameworks\VS2010\examples\sound\audioOutputExample\bin\poconetmdd.pdb'; linking object as if no debug info
PocoNetmdd.lib(HTTPCredentials.obj) : warning LNK4099: PDB 'poconetmdd.pdb' was not found with 'PocoNetmdd.lib(HTTPCredentials.obj)' or at 'D:\Open Frameworks\VS2010\examples\sound\audioOutputExample\bin\poconetmdd.pdb'; linking object as if no debug info
PocoNetmdd.lib(HTTPDigestCredentials.obj) : warning LNK4099: PDB 'poconetmdd.pdb' was not found with 'PocoNetmdd.lib(HTTPDigestCredentials.obj)' or at 'D:\Open Frameworks\VS2010\examples\sound\audioOutputExample\bin\poconetmdd.pdb'; linking object as if no debug info
PocoNetmdd.lib(HTTPFixedLengthStream.obj) : warning LNK4099: PDB 'poconetmdd.pdb' was not found with 'PocoNetmdd.lib(HTTPFixedLengthStream.obj)' or at 'D:\Open Frameworks\VS2010\examples\sound\audioOutputExample\bin\poconetmdd.pdb'; linking object as if no debug info
PocoNetmdd.lib(HTTPHeaderStream.obj) : warning LNK4099: PDB 'poconetmdd.pdb' was not found with 'PocoNetmdd.lib(HTTPHeaderStream.obj)' or at 'D:\Open Frameworks\VS2010\examples\sound\audioOutputExample\bin\poconetmdd.pdb'; linking object as if no debug info
PocoNetmdd.lib(HTTPMessage.obj) : warning LNK4099: PDB 'poconetmdd.pdb' was not found with 'PocoNetmdd.lib(HTTPMessage.obj)' or at 'D:\Open Frameworks\VS2010\examples\sound\audioOutputExample\bin\poconetmdd.pdb'; linking object as if no debug info
PocoNetmdd.lib(HTTPRequest.obj) : warning LNK4099: PDB 'poconetmdd.pdb' was not found with 'PocoNetmdd.lib(HTTPRequest.obj)' or at 'D:\Open Frameworks\VS2010\examples\sound\audioOutputExample\bin\poconetmdd.pdb'; linking object as if no debug info
PocoNetmdd.lib(HTTPResponse.obj) : warning LNK4099: PDB 'poconetmdd.pdb' was not found with 'PocoNetmdd.lib(HTTPResponse.obj)' or at 'D:\Open Frameworks\VS2010\examples\sound\audioOutputExample\bin\poconetmdd.pdb'; linking object as if no debug info
PocoNetmdd.lib(HTTPSession.obj) : warning LNK4099: PDB 'poconetmdd.pdb' was not found with 'PocoNetmdd.lib(HTTPSession.obj)' or at 'D:\Open Frameworks\VS2010\examples\sound\audioOutputExample\bin\poconetmdd.pdb'; linking object as if no debug info
PocoNetmdd.lib(HTTPStream.obj) : warning LNK4099: PDB 'poconetmdd.pdb' was not found with 'PocoNetmdd.lib(HTTPStream.obj)' or at 'D:\Open Frameworks\VS2010\examples\sound\audioOutputExample\bin\poconetmdd.pdb'; linking object as if no debug info
PocoNetmdd.lib(HTTPClientSession.obj) : warning LNK4099: PDB 'poconetmdd.pdb' was not found with 'PocoNetmdd.lib(HTTPClientSession.obj)' or at 'D:\Open Frameworks\VS2010\examples\sound\audioOutputExample\bin\poconetmdd.pdb'; linking object as if no debug info
PocoNetmdd.lib(HTTPIOStream.obj) : warning LNK4099: PDB 'poconetmdd.pdb' was not found with 'PocoNetmdd.lib(HTTPIOStream.obj)' or at 'D:\Open Frameworks\VS2010\examples\sound\audioOutputExample\bin\poconetmdd.pdb'; linking object as if no debug info
PocoNetmdd.lib(HTTPStreamFactory.obj) : warning LNK4099: PDB 'poconetmdd.pdb' was not found with 'PocoNetmdd.lib(HTTPStreamFactory.obj)' or at 'D:\Open Frameworks\VS2010\examples\sound\audioOutputExample\bin\poconetmdd.pdb'; linking object as if no debug info
tess2.lib(bucketalloc.obj) : warning LNK4099: PDB 'vc100.pdb' was not found with 'tess2.lib(bucketalloc.obj)' or at 'D:\Open Frameworks\VS2010\examples\sound\audioOutputExample\bin\vc100.pdb'; linking object as if no debug info
tess2.lib(dict.obj) : warning LNK4099: PDB 'vc100.pdb' was not found with 'tess2.lib(dict.obj)' or at 'D:\Open Frameworks\VS2010\examples\sound\audioOutputExample\bin\vc100.pdb'; linking object as if no debug info
tess2.lib(geom.obj) : warning LNK4099: PDB 'vc100.pdb' was not found with 'tess2.lib(geom.obj)' or at 'D:\Open Frameworks\VS2010\examples\sound\audioOutputExample\bin\vc100.pdb'; linking object as if no debug info
tess2.lib(mesh.obj) : warning LNK4099: PDB 'vc100.pdb' was not found with 'tess2.lib(mesh.obj)' or at 'D:\Open Frameworks\VS2010\examples\sound\audioOutputExample\bin\vc100.pdb'; linking object as if no debug info
tess2.lib(priorityq.obj) : warning LNK4099: PDB 'vc100.pdb' was not found with 'tess2.lib(priorityq.obj)' or at 'D:\Open Frameworks\VS2010\examples\sound\audioOutputExample\bin\vc100.pdb'; linking object as if no debug info
tess2.lib(sweep.obj) : warning LNK4099: PDB 'vc100.pdb' was not found with 'tess2.lib(sweep.obj)' or at 'D:\Open Frameworks\VS2010\examples\sound\audioOutputExample\bin\vc100.pdb'; linking object as if no debug info
tess2.lib(tess.obj) : warning LNK4099: PDB 'vc100.pdb' was not found with 'tess2.lib(tess.obj)' or at 'D:\Open Frameworks\VS2010\examples\sound\audioOutputExample\bin\vc100.pdb'; linking object as if no debug info
main.obj : warning LNK4075: ignoring '/EDITANDCONTINUE' due to '/INCREMENTAL:NO' specification
     Creating library bin\audioOutputExample_debug.lib and object bin\audioOutputExample_debug.exp
MSVCRTD.lib(cinitexe.obj) : warning LNK4098: defaultlib 'msvcrt.lib' conflicts with use of other libs; use /NODEFAULTLIB:library
rtAudioD.lib(rtAudio.obj) : warning LNK4099: PDB 'vc100.pdb' was not found with 'rtAudioD.lib(rtAudio.obj)' or at 'D:\Open Frameworks\VS2010\examples\sound\audioOutputExample\bin\vc100.pdb'; linking object as if no debug info
PocoFoundationmdd.lib(Ascii.obj) : warning LNK4099: PDB 'pocofoundationmdd.pdb' was not found with 'PocoFoundationmdd.lib(Ascii.obj)' or at 'D:\Open Frameworks\VS2010\examples\sound\audioOutputExample\bin\pocofoundationmdd.pdb'; linking object as if no debug info
PocoFoundationmdd.lib(AtomicCounter.obj) : warning LNK4099: PDB 'pocofoundationmdd.pdb' was not found with 'PocoFoundationmdd.lib(AtomicCounter.obj)' or at 'D:\Open Frameworks\VS2010\examples\sound\audioOutputExample\bin\pocofoundationmdd.pdb'; linking object as if no debug info
PocoFoundationmdd.lib(Bugcheck.obj) : warning LNK4099: PDB 'pocofoundationmdd.pdb' was not found with 'PocoFoundationmdd.lib(Bugcheck.obj)' or at 'D:\Open Frameworks\VS2010\examples\sound\audioOutputExample\bin\pocofoundationmdd.pdb'; linking object as if no debug info
PocoFoundationmdd.lib(Debugger.obj) : warning LNK4099: PDB 'pocofoundationmdd.pdb' was not found with 'PocoFoundationmdd.lib(Debugger.obj)' or at 'D:\Open Frameworks\VS2010\examples\sound\audioOutputExample\bin\pocofoundationmdd.pdb'; linking object as if no debug info
PocoFoundationmdd.lib(Environment.obj) : warning LNK4099: PDB 'pocofoundationmdd.pdb' was not found with 'PocoFoundationmdd.lib(Environment.obj)' or at 'D:\Open Frameworks\VS2010\examples\sound\audioOutputExample\bin\pocofoundationmdd.pdb'; linking object as if no debug info
PocoFoundationmdd.lib(Exception.obj) : warning LNK4099: PDB 'pocofoundationmdd.pdb' was not found with 'PocoFoundationmdd.lib(Exception.obj)' or at 'D:\Open Frameworks\VS2010\examples\sound\audioOutputExample\bin\pocofoundationmdd.pdb'; linking object as if no debug info
PocoFoundationmdd.lib(MemoryPool.obj) : warning LNK4099: PDB 'pocofoundationmdd.pdb' was not found with 'PocoFoundationmdd.lib(MemoryPool.obj)' or at 'D:\Open Frameworks\VS2010\examples\sound\audioOutputExample\bin\pocofoundationmdd.pdb'; linking object as if no debug info
PocoFoundationmdd.lib(NumberFormatter.obj) : warning LNK4099: PDB 'pocofoundationmdd.pdb' was not found with 'PocoFoundationmdd.lib(NumberFormatter.obj)' or at 'D:\Open Frameworks\VS2010\examples\sound\audioOutputExample\bin\pocofoundationmdd.pdb'; linking object as if no debug info
PocoFoundationmdd.lib(NumberParser.obj) : warning LNK4099: PDB 'pocofoundationmdd.pdb' was not found with 'PocoFoundationmdd.lib(NumberParser.obj)' or at 'D:\Open Frameworks\VS2010\examples\sound\audioOutputExample\bin\pocofoundationmdd.pdb'; linking object as if no debug info
PocoFoundationmdd.lib(RefCountedObject.obj) : warning LNK4099: PDB 'pocofoundationmdd.pdb' was not found with 'PocoFoundationmdd.lib(RefCountedObject.obj)' or at 'D:\Open Frameworks\VS2010\examples\sound\audioOutputExample\bin\pocofoundationmdd.pdb'; linking object as if no debug info
PocoFoundationmdd.lib(StringTokenizer.obj) : warning LNK4099: PDB 'pocofoundationmdd.pdb' was not found with 'PocoFoundationmdd.lib(StringTokenizer.obj)' or at 'D:\Open Frameworks\VS2010\examples\sound\audioOutputExample\bin\pocofoundationmdd.pdb'; linking object as if no debug info
PocoFoundationmdd.lib(Base64Decoder.obj) : warning LNK4099: PDB 'pocofoundationmdd.pdb' was not found with 'PocoFoundationmdd.lib(Base64Decoder.obj)' or at 'D:\Open Frameworks\VS2010\examples\sound\audioOutputExample\bin\pocofoundationmdd.pdb'; linking object as if no debug info
PocoFoundationmdd.lib(Base64Encoder.obj) : warning LNK4099: PDB 'pocofoundationmdd.pdb' was not found with 'PocoFoundationmdd.lib(Base64Encoder.obj)' or at 'D:\Open Frameworks\VS2010\examples\sound\audioOutputExample\bin\pocofoundationmdd.pdb'; linking object as if no debug info
PocoFoundationmdd.lib(CountingStream.obj) : warning LNK4099: PDB 'pocofoundationmdd.pdb' was not found with 'PocoFoundationmdd.lib(CountingStream.obj)' or at 'D:\Open Frameworks\VS2010\examples\sound\audioOutputExample\bin\pocofoundationmdd.pdb'; linking object as if no debug info
PocoFoundationmdd.lib(FileStream.obj) : warning LNK4099: PDB 'pocofoundationmdd.pdb' was not found with 'PocoFoundationmdd.lib(FileStream.obj)' or at 'D:\Open Frameworks\VS2010\examples\sound\audioOutputExample\bin\pocofoundationmdd.pdb'; linking object as if no debug info
PocoFoundationmdd.lib(MemoryStream.obj) : warning LNK4099: PDB 'pocofoundationmdd.pdb' was not found with 'PocoFoundationmdd.lib(MemoryStream.obj)' or at 'D:\Open Frameworks\VS2010\examples\sound\audioOutputExample\bin\pocofoundationmdd.pdb'; linking object as if no debug info
PocoFoundationmdd.lib(NullStream.obj) : warning LNK4099: PDB 'pocofoundationmdd.pdb' was not found with 'PocoFoundationmdd.lib(NullStream.obj)' or at 'D:\Open Frameworks\VS2010\examples\sound\audioOutputExample\bin\pocofoundationmdd.pdb'; linking object as if no debug info
PocoFoundationmdd.lib(StreamCopier.obj) : warning LNK4099: PDB 'pocofoundationmdd.pdb' was not found with 'PocoFoundationmdd.lib(StreamCopier.obj)' or at 'D:\Open Frameworks\VS2010\examples\sound\audioOutputExample\bin\pocofoundationmdd.pdb'; linking object as if no debug info
PocoFoundationmdd.lib(adler32.obj) : warning LNK4099: PDB 'pocofoundationmdd.pdb' was not found with 'PocoFoundationmdd.lib(adler32.obj)' or at 'D:\Open Frameworks\VS2010\examples\sound\audioOutputExample\bin\pocofoundationmdd.pdb'; linking object as if no debug info
PocoFoundationmdd.lib(crc32.obj) : warning LNK4099: PDB 'pocofoundationmdd.pdb' was not found with 'PocoFoundationmdd.lib(crc32.obj)' or at 'D:\Open Frameworks\VS2010\examples\sound\audioOutputExample\bin\pocofoundationmdd.pdb'; linking object as if no debug info
PocoFoundationmdd.lib(deflate.obj) : warning LNK4099: PDB 'pocofoundationmdd.pdb' was not found with 'PocoFoundationmdd.lib(deflate.obj)' or at 'D:\Open Frameworks\VS2010\examples\sound\audioOutputExample\bin\pocofoundationmdd.pdb'; linking object as if no debug info
PocoFoundationmdd.lib(trees.obj) : warning LNK4099: PDB 'pocofoundationmdd.pdb' was not found with 'PocoFoundationmdd.lib(trees.obj)' or at 'D:\Open Frameworks\VS2010\examples\sound\audioOutputExample\bin\pocofoundationmdd.pdb'; linking object as if no debug info
PocoFoundationmdd.lib(zutil.obj) : warning LNK4099: PDB 'pocofoundationmdd.pdb' was not found with 'PocoFoundationmdd.lib(zutil.obj)' or at 'D:\Open Frameworks\VS2010\examples\sound\audioOutputExample\bin\pocofoundationmdd.pdb'; linking object as if no debug info
PocoFoundationmdd.lib(Condition.obj) : warning LNK4099: PDB 'pocofoundationmdd.pdb' was not found with 'PocoFoundationmdd.lib(Condition.obj)' or at 'D:\Open Frameworks\VS2010\examples\sound\audioOutputExample\bin\pocofoundationmdd.pdb'; linking object as if no debug info
PocoFoundationmdd.lib(ErrorHandler.obj) : warning LNK4099: PDB 'pocofoundationmdd.pdb' was not found with 'PocoFoundationmdd.lib(ErrorHandler.obj)' or at 'D:\Open Frameworks\VS2010\examples\sound\audioOutputExample\bin\pocofoundationmdd.pdb'; linking object as if no debug info
PocoFoundationmdd.lib(Event.obj) : warning LNK4099: PDB 'pocofoundationmdd.pdb' was not found with 'PocoFoundationmdd.lib(Event.obj)' or at 'D:\Open Frameworks\VS2010\examples\sound\audioOutputExample\bin\pocofoundationmdd.pdb'; linking object as if no debug info
PocoFoundationmdd.lib(Mutex.obj) : warning LNK4099: PDB 'pocofoundationmdd.pdb' was not found with 'PocoFoundationmdd.lib(Mutex.obj)' or at 'D:\Open Frameworks\VS2010\examples\sound\audioOutputExample\bin\pocofoundationmdd.pdb'; linking object as if no debug info
PocoFoundationmdd.lib(Runnable.obj) : warning LNK4099: PDB 'pocofoundationmdd.pdb' was not found with 'PocoFoundationmdd.lib(Runnable.obj)' or at 'D:\Open Frameworks\VS2010\examples\sound\audioOutputExample\bin\pocofoundationmdd.pdb'; linking object as if no debug info
PocoFoundationmdd.lib(RWLock.obj) : warning LNK4099: PDB 'pocofoundationmdd.pdb' was not found with 'PocoFoundationmdd.lib(RWLock.obj)' or at 'D:\Open Frameworks\VS2010\examples\sound\audioOutputExample\bin\pocofoundationmdd.pdb'; linking object as if no debug info
PocoFoundationmdd.lib(Thread.obj) : warning LNK4099: PDB 'pocofoundationmdd.pdb' was not found with 'PocoFoundationmdd.lib(Thread.obj)' or at 'D:\Open Frameworks\VS2010\examples\sound\audioOutputExample\bin\pocofoundationmdd.pdb'; linking object as if no debug info
PocoFoundationmdd.lib(ThreadLocal.obj) : warning LNK4099: PDB 'pocofoundationmdd.pdb' was not found with 'PocoFoundationmdd.lib(ThreadLocal.obj)' or at 'D:\Open Frameworks\VS2010\examples\sound\audioOutputExample\bin\pocofoundationmdd.pdb'; linking object as if no debug info
PocoFoundationmdd.lib(DigestEngine.obj) : warning LNK4099: PDB 'pocofoundationmdd.pdb' was not found with 'PocoFoundationmdd.lib(DigestEngine.obj)' or at 'D:\Open Frameworks\VS2010\examples\sound\audioOutputExample\bin\pocofoundationmdd.pdb'; linking object as if no debug info
PocoFoundationmdd.lib(MD5Engine.obj) : warning LNK4099: PDB 'pocofoundationmdd.pdb' was not found with 'PocoFoundationmdd.lib(MD5Engine.obj)' or at 'D:\Open Frameworks\VS2010\examples\sound\audioOutputExample\bin\pocofoundationmdd.pdb'; linking object as if no debug info
PocoFoundationmdd.lib(DirectoryIterator.obj) : warning LNK4099: PDB 'pocofoundationmdd.pdb' was not found with 'PocoFoundationmdd.lib(DirectoryIterator.obj)' or at 'D:\Open Frameworks\VS2010\examples\sound\audioOutputExample\bin\pocofoundationmdd.pdb'; linking object as if no debug info
PocoFoundationmdd.lib(File.obj) : warning LNK4099: PDB 'pocofoundationmdd.pdb' was not found with 'PocoFoundationmdd.lib(File.obj)' or at 'D:\Open Frameworks\VS2010\examples\sound\audioOutputExample\bin\pocofoundationmdd.pdb'; linking object as if no debug info
PocoFoundationmdd.lib(Path.obj) : warning LNK4099: PDB 'pocofoundationmdd.pdb' was not found with 'PocoFoundationmdd.lib(Path.obj)' or at 'D:\Open Frameworks\VS2010\examples\sound\audioOutputExample\bin\pocofoundationmdd.pdb'; linking object as if no debug info
PocoFoundationmdd.lib(DateTime.obj) : warning LNK4099: PDB 'pocofoundationmdd.pdb' was not found with 'PocoFoundationmdd.lib(DateTime.obj)' or at 'D:\Open Frameworks\VS2010\examples\sound\audioOutputExample\bin\pocofoundationmdd.pdb'; linking object as if no debug info
PocoFoundationmdd.lib(DateTimeFormat.obj) : warning LNK4099: PDB 'pocofoundationmdd.pdb' was not found with 'PocoFoundationmdd.lib(DateTimeFormat.obj)' or at 'D:\Open Frameworks\VS2010\examples\sound\audioOutputExample\bin\pocofoundationmdd.pdb'; linking object as if no debug info
PocoFoundationmdd.lib(DateTimeFormatter.obj) : warning LNK4099: PDB 'pocofoundationmdd.pdb' was not found with 'PocoFoundationmdd.lib(DateTimeFormatter.obj)' or at 'D:\Open Frameworks\VS2010\examples\sound\audioOutputExample\bin\pocofoundationmdd.pdb'; linking object as if no debug info
PocoFoundationmdd.lib(DateTimeParser.obj) : warning LNK4099: PDB 'pocofoundationmdd.pdb' was not found with 'PocoFoundationmdd.lib(DateTimeParser.obj)' or at 'D:\Open Frameworks\VS2010\examples\sound\audioOutputExample\bin\pocofoundationmdd.pdb'; linking object as if no debug info
PocoFoundationmdd.lib(LocalDateTime.obj) : warning LNK4099: PDB 'pocofoundationmdd.pdb' was not found with 'PocoFoundationmdd.lib(LocalDateTime.obj)' or at 'D:\Open Frameworks\VS2010\examples\sound\audioOutputExample\bin\pocofoundationmdd.pdb'; linking object as if no debug info
PocoFoundationmdd.lib(Timespan.obj) : warning LNK4099: PDB 'pocofoundationmdd.pdb' was not found with 'PocoFoundationmdd.lib(Timespan.obj)' or at 'D:\Open Frameworks\VS2010\examples\sound\audioOutputExample\bin\pocofoundationmdd.pdb'; linking object as if no debug info
PocoFoundationmdd.lib(Timestamp.obj) : warning LNK4099: PDB 'pocofoundationmdd.pdb' was not found with 'PocoFoundationmdd.lib(Timestamp.obj)' or at 'D:\Open Frameworks\VS2010\examples\sound\audioOutputExample\bin\pocofoundationmdd.pdb'; linking object as if no debug info
PocoFoundationmdd.lib(Timezone.obj) : warning LNK4099: PDB 'pocofoundationmdd.pdb' was not found with 'PocoFoundationmdd.lib(Timezone.obj)' or at 'D:\Open Frameworks\VS2010\examples\sound\audioOutputExample\bin\pocofoundationmdd.pdb'; linking object as if no debug info
PocoFoundationmdd.lib(ASCIIEncoding.obj) : warning LNK4099: PDB 'pocofoundationmdd.pdb' was not found with 'PocoFoundationmdd.lib(ASCIIEncoding.obj)' or at 'D:\Open Frameworks\VS2010\examples\sound\audioOutputExample\bin\pocofoundationmdd.pdb'; linking object as if no debug info
PocoFoundationmdd.lib(Latin1Encoding.obj) : warning LNK4099: PDB 'pocofoundationmdd.pdb' was not found with 'PocoFoundationmdd.lib(Latin1Encoding.obj)' or at 'D:\Open Frameworks\VS2010\examples\sound\audioOutputExample\bin\pocofoundationmdd.pdb'; linking object as if no debug info
PocoFoundationmdd.lib(Latin9Encoding.obj) : warning LNK4099: PDB 'pocofoundationmdd.pdb' was not found with 'PocoFoundationmdd.lib(Latin9Encoding.obj)' or at 'D:\Open Frameworks\VS2010\examples\sound\audioOutputExample\bin\pocofoundationmdd.pdb'; linking object as if no debug info
PocoFoundationmdd.lib(TextConverter.obj) : warning LNK4099: PDB 'pocofoundationmdd.pdb' was not found with 'PocoFoundationmdd.lib(TextConverter.obj)' or at 'D:\Open Frameworks\VS2010\examples\sound\audioOutputExample\bin\pocofoundationmdd.pdb'; linking object as if no debug info
PocoFoundationmdd.lib(TextEncoding.obj) : warning LNK4099: PDB 'pocofoundationmdd.pdb' was not found with 'PocoFoundationmdd.lib(TextEncoding.obj)' or at 'D:\Open Frameworks\VS2010\examples\sound\audioOutputExample\bin\pocofoundationmdd.pdb'; linking object as if no debug info
PocoFoundationmdd.lib(TextIterator.obj) : warning LNK4099: PDB 'pocofoundationmdd.pdb' was not found with 'PocoFoundationmdd.lib(TextIterator.obj)' or at 'D:\Open Frameworks\VS2010\examples\sound\audioOutputExample\bin\pocofoundationmdd.pdb'; linking object as if no debug info
PocoFoundationmdd.lib(UnicodeConverter.obj) : warning LNK4099: PDB 'pocofoundationmdd.pdb' was not found with 'PocoFoundationmdd.lib(UnicodeConverter.obj)' or at 'D:\Open Frameworks\VS2010\examples\sound\audioOutputExample\bin\pocofoundationmdd.pdb'; linking object as if no debug info
PocoFoundationmdd.lib(UTF16Encoding.obj) : warning LNK4099: PDB 'pocofoundationmdd.pdb' was not found with 'PocoFoundationmdd.lib(UTF16Encoding.obj)' or at 'D:\Open Frameworks\VS2010\examples\sound\audioOutputExample\bin\pocofoundationmdd.pdb'; linking object as if no debug info
PocoFoundationmdd.lib(UTF8Encoding.obj) : warning LNK4099: PDB 'pocofoundationmdd.pdb' was not found with 'PocoFoundationmdd.lib(UTF8Encoding.obj)' or at 'D:\Open Frameworks\VS2010\examples\sound\audioOutputExample\bin\pocofoundationmdd.pdb'; linking object as if no debug info
PocoFoundationmdd.lib(Windows1252Encoding.obj) : warning LNK4099: PDB 'pocofoundationmdd.pdb' was not found with 'PocoFoundationmdd.lib(Windows1252Encoding.obj)' or at 'D:\Open Frameworks\VS2010\examples\sound\audioOutputExample\bin\pocofoundationmdd.pdb'; linking object as if no debug info
PocoFoundationmdd.lib(FileStreamFactory.obj) : warning LNK4099: PDB 'pocofoundationmdd.pdb' was not found with 'PocoFoundationmdd.lib(FileStreamFactory.obj)' or at 'D:\Open Frameworks\VS2010\examples\sound\audioOutputExample\bin\pocofoundationmdd.pdb'; linking object as if no debug info
PocoFoundationmdd.lib(URI.obj) : warning LNK4099: PDB 'pocofoundationmdd.pdb' was not found with 'PocoFoundationmdd.lib(URI.obj)' or at 'D:\Open Frameworks\VS2010\examples\sound\audioOutputExample\bin\pocofoundationmdd.pdb'; linking object as if no debug info
PocoFoundationmdd.lib(URIStreamFactory.obj) : warning LNK4099: PDB 'pocofoundationmdd.pdb' was not found with 'PocoFoundationmdd.lib(URIStreamFactory.obj)' or at 'D:\Open Frameworks\VS2010\examples\sound\audioOutputExample\bin\pocofoundationmdd.pdb'; linking object as if no debug info
PocoFoundationmdd.lib(URIStreamOpener.obj) : warning LNK4099: PDB 'pocofoundationmdd.pdb' was not found with 'PocoFoundationmdd.lib(URIStreamOpener.obj)' or at 'D:\Open Frameworks\VS2010\examples\sound\audioOutputExample\bin\pocofoundationmdd.pdb'; linking object as if no debug info
PocoNetmdd.lib(DNS.obj) : warning LNK4099: PDB 'poconetmdd.pdb' was not found with 'PocoNetmdd.lib(DNS.obj)' or at 'D:\Open Frameworks\VS2010\examples\sound\audioOutputExample\bin\poconetmdd.pdb'; linking object as if no debug info
PocoNetmdd.lib(HostEntry.obj) : warning LNK4099: PDB 'poconetmdd.pdb' was not found with 'PocoNetmdd.lib(HostEntry.obj)' or at 'D:\Open Frameworks\VS2010\examples\sound\audioOutputExample\bin\poconetmdd.pdb'; linking object as if no debug info
PocoNetmdd.lib(IPAddress.obj) : warning LNK4099: PDB 'poconetmdd.pdb' was not found with 'PocoNetmdd.lib(IPAddress.obj)' or at 'D:\Open Frameworks\VS2010\examples\sound\audioOutputExample\bin\poconetmdd.pdb'; linking object as if no debug info
PocoNetmdd.lib(NetException.obj) : warning LNK4099: PDB 'poconetmdd.pdb' was not found with 'PocoNetmdd.lib(NetException.obj)' or at 'D:\Open Frameworks\VS2010\examples\sound\audioOutputExample\bin\poconetmdd.pdb'; linking object as if no debug info
PocoNetmdd.lib(SocketAddress.obj) : warning LNK4099: PDB 'poconetmdd.pdb' was not found with 'PocoNetmdd.lib(SocketAddress.obj)' or at 'D:\Open Frameworks\VS2010\examples\sound\audioOutputExample\bin\poconetmdd.pdb'; linking object as if no debug info
PocoNetmdd.lib(Socket.obj) : warning LNK4099: PDB 'poconetmdd.pdb' was not found with 'PocoNetmdd.lib(Socket.obj)' or at 'D:\Open Frameworks\VS2010\examples\sound\audioOutputExample\bin\poconetmdd.pdb'; linking object as if no debug info
PocoNetmdd.lib(SocketImpl.obj) : warning LNK4099: PDB 'poconetmdd.pdb' was not found with 'PocoNetmdd.lib(SocketImpl.obj)' or at 'D:\Open Frameworks\VS2010\examples\sound\audioOutputExample\bin\poconetmdd.pdb'; linking object as if no debug info
PocoNetmdd.lib(StreamSocket.obj) : warning LNK4099: PDB 'poconetmdd.pdb' was not found with 'PocoNetmdd.lib(StreamSocket.obj)' or at 'D:\Open Frameworks\VS2010\examples\sound\audioOutputExample\bin\poconetmdd.pdb'; linking object as if no debug info
PocoNetmdd.lib(StreamSocketImpl.obj) : warning LNK4099: PDB 'poconetmdd.pdb' was not found with 'PocoNetmdd.lib(StreamSocketImpl.obj)' or at 'D:\Open Frameworks\VS2010\examples\sound\audioOutputExample\bin\poconetmdd.pdb'; linking object as if no debug info
PocoNetmdd.lib(MediaType.obj) : warning LNK4099: PDB 'poconetmdd.pdb' was not found with 'PocoNetmdd.lib(MediaType.obj)' or at 'D:\Open Frameworks\VS2010\examples\sound\audioOutputExample\bin\poconetmdd.pdb'; linking object as if no debug info
PocoNetmdd.lib(MessageHeader.obj) : warning LNK4099: PDB 'poconetmdd.pdb' was not found with 'PocoNetmdd.lib(MessageHeader.obj)' or at 'D:\Open Frameworks\VS2010\examples\sound\audioOutputExample\bin\poconetmdd.pdb'; linking object as if no debug info
PocoNetmdd.lib(NameValueCollection.obj) : warning LNK4099: PDB 'poconetmdd.pdb' was not found with 'PocoNetmdd.lib(NameValueCollection.obj)' or at 'D:\Open Frameworks\VS2010\examples\sound\audioOutputExample\bin\poconetmdd.pdb'; linking object as if no debug info
PocoNetmdd.lib(HTTPAuthenticationParams.obj) : warning LNK4099: PDB 'poconetmdd.pdb' was not found with 'PocoNetmdd.lib(HTTPAuthenticationParams.obj)' or at 'D:\Open Frameworks\VS2010\examples\sound\audioOutputExample\bin\poconetmdd.pdb'; linking object as if no debug info
PocoNetmdd.lib(HTTPBasicCredentials.obj) : warning LNK4099: PDB 'poconetmdd.pdb' was not found with 'PocoNetmdd.lib(HTTPBasicCredentials.obj)' or at 'D:\Open Frameworks\VS2010\examples\sound\audioOutputExample\bin\poconetmdd.pdb'; linking object as if no debug info
PocoNetmdd.lib(HTTPBufferAllocator.obj) : warning LNK4099: PDB 'poconetmdd.pdb' was not found with 'PocoNetmdd.lib(HTTPBufferAllocator.obj)' or at 'D:\Open Frameworks\VS2010\examples\sound\audioOutputExample\bin\poconetmdd.pdb'; linking object as if no debug info
PocoNetmdd.lib(HTTPChunkedStream.obj) : warning LNK4099: PDB 'poconetmdd.pdb' was not found with 'PocoNetmdd.lib(HTTPChunkedStream.obj)' or at 'D:\Open Frameworks\VS2010\examples\sound\audioOutputExample\bin\poconetmdd.pdb'; linking object as if no debug info
PocoNetmdd.lib(HTTPCookie.obj) : warning LNK4099: PDB 'poconetmdd.pdb' was not found with 'PocoNetmdd.lib(HTTPCookie.obj)' or at 'D:\Open Frameworks\VS2010\examples\sound\audioOutputExample\bin\poconetmdd.pdb'; linking object as if no debug info
PocoNetmdd.lib(HTTPCredentials.obj) : warning LNK4099: PDB 'poconetmdd.pdb' was not found with 'PocoNetmdd.lib(HTTPCredentials.obj)' or at 'D:\Open Frameworks\VS2010\examples\sound\audioOutputExample\bin\poconetmdd.pdb'; linking object as if no debug info
PocoNetmdd.lib(HTTPDigestCredentials.obj) : warning LNK4099: PDB 'poconetmdd.pdb' was not found with 'PocoNetmdd.lib(HTTPDigestCredentials.obj)' or at 'D:\Open Frameworks\VS2010\examples\sound\audioOutputExample\bin\poconetmdd.pdb'; linking object as if no debug info
PocoNetmdd.lib(HTTPFixedLengthStream.obj) : warning LNK4099: PDB 'poconetmdd.pdb' was not found with 'PocoNetmdd.lib(HTTPFixedLengthStream.obj)' or at 'D:\Open Frameworks\VS2010\examples\sound\audioOutputExample\bin\poconetmdd.pdb'; linking object as if no debug info
PocoNetmdd.lib(HTTPHeaderStream.obj) : warning LNK4099: PDB 'poconetmdd.pdb' was not found with 'PocoNetmdd.lib(HTTPHeaderStream.obj)' or at 'D:\Open Frameworks\VS2010\examples\sound\audioOutputExample\bin\poconetmdd.pdb'; linking object as if no debug info
PocoNetmdd.lib(HTTPMessage.obj) : warning LNK4099: PDB 'poconetmdd.pdb' was not found with 'PocoNetmdd.lib(HTTPMessage.obj)' or at 'D:\Open Frameworks\VS2010\examples\sound\audioOutputExample\bin\poconetmdd.pdb'; linking object as if no debug info
PocoNetmdd.lib(HTTPRequest.obj) : warning LNK4099: PDB 'poconetmdd.pdb' was not found with 'PocoNetmdd.lib(HTTPRequest.obj)' or at 'D:\Open Frameworks\VS2010\examples\sound\audioOutputExample\bin\poconetmdd.pdb'; linking object as if no debug info
PocoNetmdd.lib(HTTPResponse.obj) : warning LNK4099: PDB 'poconetmdd.pdb' was not found with 'PocoNetmdd.lib(HTTPResponse.obj)' or at 'D:\Open Frameworks\VS2010\examples\sound\audioOutputExample\bin\poconetmdd.pdb'; linking object as if no debug info
PocoNetmdd.lib(HTTPSession.obj) : warning LNK4099: PDB 'poconetmdd.pdb' was not found with 'PocoNetmdd.lib(HTTPSession.obj)' or at 'D:\Open Frameworks\VS2010\examples\sound\audioOutputExample\bin\poconetmdd.pdb'; linking object as if no debug info
PocoNetmdd.lib(HTTPStream.obj) : warning LNK4099: PDB 'poconetmdd.pdb' was not found with 'PocoNetmdd.lib(HTTPStream.obj)' or at 'D:\Open Frameworks\VS2010\examples\sound\audioOutputExample\bin\poconetmdd.pdb'; linking object as if no debug info
PocoNetmdd.lib(HTTPClientSession.obj) : warning LNK4099: PDB 'poconetmdd.pdb' was not found with 'PocoNetmdd.lib(HTTPClientSession.obj)' or at 'D:\Open Frameworks\VS2010\examples\sound\audioOutputExample\bin\poconetmdd.pdb'; linking object as if no debug info
PocoNetmdd.lib(HTTPIOStream.obj) : warning LNK4099: PDB 'poconetmdd.pdb' was not found with 'PocoNetmdd.lib(HTTPIOStream.obj)' or at 'D:\Open Frameworks\VS2010\examples\sound\audioOutputExample\bin\poconetmdd.pdb'; linking object as if no debug info
PocoNetmdd.lib(HTTPStreamFactory.obj) : warning LNK4099: PDB 'poconetmdd.pdb' was not found with 'PocoNetmdd.lib(HTTPStreamFactory.obj)' or at 'D:\Open Frameworks\VS2010\examples\sound\audioOutputExample\bin\poconetmdd.pdb'; linking object as if no debug info
tess2.lib(bucketalloc.obj) : warning LNK4099: PDB 'vc100.pdb' was not found with 'tess2.lib(bucketalloc.obj)' or at 'D:\Open Frameworks\VS2010\examples\sound\audioOutputExample\bin\vc100.pdb'; linking object as if no debug info
tess2.lib(dict.obj) : warning LNK4099: PDB 'vc100.pdb' was not found with 'tess2.lib(dict.obj)' or at 'D:\Open Frameworks\VS2010\examples\sound\audioOutputExample\bin\vc100.pdb'; linking object as if no debug info
tess2.lib(geom.obj) : warning LNK4099: PDB 'vc100.pdb' was not found with 'tess2.lib(geom.obj)' or at 'D:\Open Frameworks\VS2010\examples\sound\audioOutputExample\bin\vc100.pdb'; linking object as if no debug info
tess2.lib(mesh.obj) : warning LNK4099: PDB 'vc100.pdb' was not found with 'tess2.lib(mesh.obj)' or at 'D:\Open Frameworks\VS2010\examples\sound\audioOutputExample\bin\vc100.pdb'; linking object as if no debug info
tess2.lib(priorityq.obj) : warning LNK4099: PDB 'vc100.pdb' was not found with 'tess2.lib(priorityq.obj)' or at 'D:\Open Frameworks\VS2010\examples\sound\audioOutputExample\bin\vc100.pdb'; linking object as if no debug info
tess2.lib(sweep.obj) : warning LNK4099: PDB 'vc100.pdb' was not found with 'tess2.lib(sweep.obj)' or at 'D:\Open Frameworks\VS2010\examples\sound\audioOutputExample\bin\vc100.pdb'; linking object as if no debug info
tess2.lib(tess.obj) : warning LNK4099: PDB 'vc100.pdb' was not found with 'tess2.lib(tess.obj)' or at 'D:\Open Frameworks\VS2010\examples\sound\audioOutputExample\bin\vc100.pdb'; linking object as if no debug info
  audioOutputExample.vcxproj -> D:\Open Frameworks\VS2010\examples\sound\audioOutputExample\bin\audioOutputExample_debug.exe
  D:\Open Frameworks\VS2010\examples\sound\audioOutputExample\..\..\..\export\vs2010\Assimp32.dll
  D:\Open Frameworks\VS2010\examples\sound\audioOutputExample\..\..\..\export\vs2010\fmodex.dll
  D:\Open Frameworks\VS2010\examples\sound\audioOutputExample\..\..\..\export\vs2010\fmodexL.dll
  D:\Open Frameworks\VS2010\examples\sound\audioOutputExample\..\..\..\export\vs2010\FreeImage.dll
  D:\Open Frameworks\VS2010\examples\sound\audioOutputExample\..\..\..\export\vs2010\FreeType-6.dll
  D:\Open Frameworks\VS2010\examples\sound\audioOutputExample\..\..\..\export\vs2010\glut32.dll
  D:\Open Frameworks\VS2010\examples\sound\audioOutputExample\..\..\..\export\vs2010\Zlib.dll
  7 File(s) copied
